<?xml version="1.0" encoding="UTF-8"?>
<!-- Generated by org.testng.reporters.JUnitReportReporter -->
<testsuite skipped="0" hostname="Toans-MBP-3" name="appium.android.knowable.test.CourseListPageTest" tests="3" failures="0" timestamp="04 Sep 2019 14:37:12 GMT" time="58.786" errors="0">
  <testcase name="testOpenCourseDetail" time="16.880" classname="appium.android.knowable.test.CourseListPageTest"/>
  <testcase name="testScrollCourseList" time="23.370" classname="appium.android.knowable.test.CourseListPageTest"/>
  <testcase name="testHeadLine" time="18.536" classname="appium.android.knowable.test.CourseListPageTest"/>
</testsuite> <!-- appium.android.knowable.test.CourseListPageTest -->
