<?xml version="1.0" encoding="UTF-8"?>
<!-- Generated by org.testng.reporters.JUnitReportReporter -->
<testsuite skipped="0" hostname="Toans-MBP-3" name="appium.android.knowable.test.SettingsPageTest" tests="8" failures="0" timestamp="05 Sep 2019 18:06:40 GMT" time="266.952" errors="0">
  <testcase name="test_clickSignup" time="39.245" classname="appium.android.knowable.test.SettingsPageTest"/>
  <testcase name="test_clickFeedback" time="32.861" classname="appium.android.knowable.test.SettingsPageTest"/>
  <testcase name="test_clickPrivacy" time="36.955" classname="appium.android.knowable.test.SettingsPageTest"/>
  <testcase name="test_clickJoinTeam" time="51.096" classname="appium.android.knowable.test.SettingsPageTest"/>
  <testcase name="test_clickHelp" time="20.259" classname="appium.android.knowable.test.SettingsPageTest"/>
  <testcase name="test_clickLogin" time="19.631" classname="appium.android.knowable.test.SettingsPageTest"/>
  <testcase name="test_clickApplyToTeach" time="38.284" classname="appium.android.knowable.test.SettingsPageTest"/>
  <testcase name="test_clickTerm" time="28.621" classname="appium.android.knowable.test.SettingsPageTest"/>
</testsuite> <!-- appium.android.knowable.test.SettingsPageTest -->
