<?xml version="1.0" encoding="UTF-8"?>
<!-- Generated by org.testng.reporters.JUnitReportReporter -->
<testsuite skipped="0" hostname="Toans-MBP-3" name="appium.android.knowable.test.SettingsPageTest" tests="8" failures="0" timestamp="04 Sep 2019 09:24:06 GMT" time="122.105" errors="0">
  <testcase name="test_clickHelp" time="13.240" classname="appium.android.knowable.test.SettingsPageTest"/>
  <testcase name="test_clickTerm" time="21.850" classname="appium.android.knowable.test.SettingsPageTest"/>
  <testcase name="test_clickApplyToTeach" time="17.056" classname="appium.android.knowable.test.SettingsPageTest"/>
  <testcase name="test_clickPrivacy" time="14.906" classname="appium.android.knowable.test.SettingsPageTest"/>
  <testcase name="test_clickJoinTeam" time="15.208" classname="appium.android.knowable.test.SettingsPageTest"/>
  <testcase name="test_clickFeedback" time="12.055" classname="appium.android.knowable.test.SettingsPageTest"/>
  <testcase name="test_clickSignup" time="14.835" classname="appium.android.knowable.test.SettingsPageTest"/>
  <testcase name="test_clickLogin" time="12.955" classname="appium.android.knowable.test.SettingsPageTest"/>
</testsuite> <!-- appium.android.knowable.test.SettingsPageTest -->
