<?xml version="1.0" encoding="UTF-8"?>
<!-- Generated by org.testng.reporters.JUnitReportReporter -->
<testsuite skipped="0" hostname="Toans-MBP-3" name="appium.android.knowable.test.FullPlayerPageTest" tests="1" failures="0" timestamp="05 Sep 2019 16:33:29 GMT" time="80.912" errors="0">
  <testcase name="test_skipForwardBackward_audioPaused" time="80.912" classname="appium.android.knowable.test.FullPlayerPageTest"/>
</testsuite> <!-- appium.android.knowable.test.FullPlayerPageTest -->
