<?xml version="1.0" encoding="UTF-8"?>
<!-- Generated by org.testng.reporters.JUnitReportReporter -->
<testsuite skipped="0" hostname="Toans-MBP-3" name="appium.android.knowable.test.BaseTest" tests="2" failures="0" timestamp="21 Aug 2019 09:29:09 GMT" time="0.014" errors="0">
  <testcase name="test1" time="0.011" classname="appium.android.knowable.test.BaseTest"/>
  <testcase name="test2" time="0.003" classname="appium.android.knowable.test.BaseTest"/>
</testsuite> <!-- appium.android.knowable.test.BaseTest -->
