<?xml version="1.0" encoding="UTF-8"?>
<!-- Generated by org.testng.reporters.JUnitReportReporter -->
<testsuite skipped="0" hostname="Toans-MBP-3" name="appium.android.knowable.AppTest" tests="1" failures="0" timestamp="21 Aug 2019 09:14:37 GMT" time="4.066" errors="0">
  <testcase name="myFirstTest" time="4.066" classname="appium.android.knowable.AppTest"/>
</testsuite> <!-- appium.android.knowable.AppTest -->
