<?xml version="1.0" encoding="UTF-8"?>
<!-- Generated by org.testng.reporters.JUnitReportReporter -->
<testsuite skipped="0" hostname="Toans-MacBook-Pro-3.local" name="appium.android.knowable.test.CourseDetailPageTest" tests="1" failures="0" timestamp="05 Sep 2019 15:20:45 GMT" time="90.096" errors="0">
  <testcase name="test_swipeToNextTab" time="90.096" classname="appium.android.knowable.test.CourseDetailPageTest"/>
</testsuite> <!-- appium.android.knowable.test.CourseDetailPageTest -->
